Arguments: 
  /home/ivan/.nvm/versions/node/v16.15.1/bin/node /home/ivan/.nvm/versions/node/v16.15.1/bin/yarn add webpack webpack-cli webpack-dev-server

PATH: 
  /home/ivan/.nvm/versions/node/v16.15.1/bin:./bin:./node_modules/.bin:/home/ivan/.rbenv/shims:/home/ivan/.rbenv/bin:/usr/local/sbin:/usr/local/bin:/usr/sbin:/usr/bin:/sbin:/bin:/usr/games:/usr/local/games:/usr/lib/wsl/lib:/mnt/c/WINDOWS/system32:/mnt/c/WINDOWS:/mnt/c/WINDOWS/System32/Wbem:/mnt/c/WINDOWS/System32/WindowsPowerShell/v1.0/:/mnt/c/WINDOWS/System32/OpenSSH/:/mnt/c/Users/vanea/AppData/Local/Microsoft/WindowsApps:/mnt/c/Users/vanea/AppData/Local/Programs/Microsoft VS Code/bin:/usr/local/sbin

Yarn version: 
  1.22.19

Node version: 
  16.15.1

Platform: 
  linux x64

Trace: 
  SyntaxError: /home/ivan/code/dozornik88/Airbnb-Clone/package.json: Unexpected token / in JSON at position 0
      at JSON.parse (<anonymous>)
      at /home/ivan/.nvm/versions/node/v16.15.1/lib/node_modules/yarn/lib/cli.js:1629:59
      at Generator.next (<anonymous>)
      at step (/home/ivan/.nvm/versions/node/v16.15.1/lib/node_modules/yarn/lib/cli.js:310:30)
      at /home/ivan/.nvm/versions/node/v16.15.1/lib/node_modules/yarn/lib/cli.js:321:13

npm manifest: 
  // {
  //   "dependencies": {
  //     "fslightbox": "^3.4.1",
  //     "mapbox-gl": "^3.5.1"
  //   }
  // }
  
  // {
  //   "name": "airbnb-clone",
  //   "version": "1.0.0",
  //   "scripts": {
  //     "start": "webpack-dev-server --inline --hot",
  //     "build": "webpack --mode production",
  //     "watch": "webpack --watch"
  //   },
  // }
  
  {
    "name": "airbnb-clone",
    "version": "1.0.0",
    "scripts": {
      "start": "webpack-dev-server --inline --hot",
      "build": "webpack --mode production",
      "watch": "webpack --watch"
    },
    "dependencies": {
      "mapbox-gl": "^3.5.1"
    },
    "devDependencies": {
      "webpack": "^5.52.0",
      "webpack-cli": "^4.8.0",
      "webpack-dev-server": "^4.0.0"
    }
  }

yarn manifest: 
  No manifest

Lockfile: 
  # THIS IS AN AUTOGENERATED FILE. DO NOT EDIT THIS FILE DIRECTLY.
  # yarn lockfile v1
  
  
  fslightbox@^3.4.1:
    version "3.4.1"
    resolved "https://registry.yarnpkg.com/fslightbox/-/fslightbox-3.4.1.tgz#e2bbb6c3b17737c8f0f08fcf2db6d9c04e31ab23"
    integrity sha512-/YkPP9jCnZMIlPuJPUo10JTCOCntU0vHeIKe0cB5ruR0ss2QCLhzxY5h24grZ2gUsF//0NXik7iGMU05RV/jcg==
